region Whole brain has duplicated schemas: [('minds/core/parcellationregion/v1.0.0', {'781a8728-4178-4af4-b3e9-3e61ea5bc3cd', 'b2b56201-472c-4f70-842f-cf2133eacaba'})]
region Cerebellum has duplicated schemas: [('minds/core/parcellationregion/v1.0.0', {'f29cd2fd-fa5c-412f-b83e-7832c3cff80b', 'a844d80f-1d94-41a0-901a-14ae257519db'})]
region Anterior cingulate area, dorsal part has duplicated schemas: [('minds/core/parcellationregion/v1.0.0', {'fd9cbe8e-a751-46f9-88b9-1147a21dcfab', '6f9e275f-e4b1-4b73-ab3c-61f3d386ed00'})]
region Area 7A (SPL) has duplicated schemas: [('minds/core/parcellationregion/v1.0.0', {'e26e999f-77ad-4934-9569-8290ed05ebda', '811f4adb-4a7c-45c1-8034-4afa9edf586a'})]
region Area 3b (PostCG) has duplicated schemas: [('minds/core/parcellationregion/v1.0.0', {'74304fe9-452e-4ca3-97a3-8cf3459bb1a0', 'b84f67bb-5d9f-4daf-a8d6-15f63f901bd4'})]
region Area PFm (IPL) has duplicated schemas: [('minds/core/parcellationregion/v1.0.0', {'411edde9-685f-464b-970c-a929f9a4067c', '3455ada4-48c3-4748-ae38-2fe3f376f0fc'})]
region Area PFop (IPL) has duplicated schemas: [('minds/core/parcellationregion/v1.0.0', {'e8262e56-88fe-4006-b078-def4d78416b8', 'b4397c40-82e1-4d62-b97a-44e8d04b428b'})]
region Area PF (IPL) has duplicated schemas: [('minds/core/parcellationregion/v1.0.0', {'18e5e1b0-6c25-4f55-a967-0834d2bd3ee4', 'f4e177a6-1b2c-48d5-a62c-91949ba636e4'})]
region Area PGp (IPL) has duplicated schemas: [('minds/core/parcellationregion/v1.0.0', {'1b00a0e4-9493-43ff-bfbd-b02119064813', 'b3ef6947-76c9-4935-bbc6-8b2329c0967b'})]
region Area PGa (IPL) has duplicated schemas: [('minds/core/parcellationregion/v1.0.0', {'d7f6c5be-93c6-4a16-8939-4420329d4147', 'd5b168a3-a92e-4ab3-8b4d-61e58e5b7a1c'})]
region Area PFt (IPL) has duplicated schemas: [('minds/core/parcellationregion/v1.0.0', {'847cef50-7340-470d-8580-327b4ce9db19', '9ff7fcc4-a88b-4bf8-be07-1386a3760a96'})]
region Area PFcm (IPL) has duplicated schemas: [('minds/core/parcellationregion/v1.0.0', {'10502c3a-f20e-44fa-b985-786d6888d4bb', 'f07d441f-452f-471b-ac7c-0d3c2ae16fb2'})]
region Area hOc1 (V1, 17, CalcS) has duplicated schemas: [('minds/core/parcellationregion/v1.0.0', {'5151ab8f-d8cb-4e67-a449-afe2a41fb007', 'b851eb9d-9502-45e9-8dd8-2861f0e6da3f'})]
region Area 44 (IFG) has duplicated schemas: [('minds/core/parcellationregion/v1.0.0', {'8aeae833-81c8-4e27-a8d6-deee339d6052', '7e5e7aa8-28b8-445b-8980-2a6f3fa645b3', '8a6be82c-5947-4fff-8348-cf9bf73e4f40'})]
region Area 45 (IFG) has duplicated schemas: [('minds/core/parcellationregion/v1.0.0', {'cb32e688-43f0-4ae3-9554-085973137663', '131e6de8-b073-4f01-8f60-1bdb5a6c9a9a'})]
region Area 4p (PreCG) has duplicated schemas: [('minds/core/parcellationregion/v1.0.0', {'82e6e826-a439-41db-84ff-4674ca3d643a', '861ab96a-c4b5-4ba6-bd40-1e80d4680f89'})]
region Area TE 1.0 (HESCHL) has duplicated schemas: [('minds/core/parcellationregion/v1.0.0', {'f424643e-9baf-4c50-9417-db1ac33dcd3e', '13e21153-2ba8-4212-b172-8894f1012225'})]
region Area FG1 (FusG) has duplicated schemas: [('minds/core/parcellationregion/v1.0.0', {'39fb34a8-fd6d-4fba-898c-2f6167e40459', '6318e160-4ad2-4eec-8a2e-2df6fe07d8f4'})]
region Area FG2 (FusG) has duplicated schemas: [('minds/core/parcellationregion/v1.0.0', {'6e7a0441-4baa-4355-921b-50d23d07d50f', '8f436328-4251-4706-ae38-767e1ab21c6f'})]
region CA (Hippocampus) has duplicated schemas: [('minds/core/parcellationregion/v1.0.0', {'bfc0beb7-310c-4c57-b810-2adc464bd02c', 'a0d14d3e-bc30-41cf-8b28-540067897f80'})]
